context-code-chunker v0.1.0 (/home/amir/Документы/PROJECTS/skills/apply_context/context-finder/crates/code-chunker)
├── anyhow v1.0.100
├── log v0.4.28
├── regex v1.12.2
├── serde v1.0.228
├── serde_json v1.0.145
├── thiserror v1.0.69
├── tree-sitter v0.24.7
│   [build-dependencies]
├── tree-sitter-javascript v0.23.1
│   [build-dependencies]
├── tree-sitter-python v0.23.6
│   [build-dependencies]
├── tree-sitter-rust v0.23.3
│   [build-dependencies]
├── tree-sitter-typescript v0.23.2
│   [build-dependencies]
└── unicode-segmentation v1.12.0
[dev-dependencies]
├── pretty_assertions v1.4.1
└── tempfile v3.23.0

context-finder-cli v0.1.0 (/home/amir/Документы/PROJECTS/skills/apply_context/context-finder/crates/cli)
├── anyhow v1.0.100
├── clap v4.5.52
├── context-code-chunker v0.1.0 (/home/amir/Документы/PROJECTS/skills/apply_context/context-finder/crates/code-chunker) (*)
├── context-indexer v0.1.0 (/home/amir/Документы/PROJECTS/skills/apply_context/context-finder/crates/indexer)
│   [dev-dependencies]
├── context-search v0.1.0 (/home/amir/Документы/PROJECTS/skills/apply_context/context-finder/crates/search)
│   [dev-dependencies]
├── context-vector-store v0.1.0 (/home/amir/Документы/PROJECTS/skills/apply_context/context-finder/crates/vector-store)
│   [dev-dependencies]
├── env_logger v0.11.8
├── log v0.4.28
├── serde v1.0.228 (*)
├── serde_json v1.0.145 (*)
└── tokio v1.48.0

context-graph v0.1.0 (/home/amir/Документы/PROJECTS/skills/apply_context/context-finder/crates/graph)
├── anyhow v1.0.100
├── context-code-chunker v0.1.0 (/home/amir/Документы/PROJECTS/skills/apply_context/context-finder/crates/code-chunker) (*)
├── log v0.4.28
├── petgraph v0.6.5
├── serde v1.0.228 (*)
├── serde_json v1.0.145 (*)
├── thiserror v1.0.69 (*)
├── tree-sitter v0.24.7 (*)
├── tree-sitter-javascript v0.23.1 (*)
├── tree-sitter-python v0.23.6 (*)
├── tree-sitter-rust v0.23.3 (*)
